[32m2024-02-28 00:17:05 -0300[0m - dagster - [34mDEBUG[0m - __ASSET_JOB - 443febde-4c3b-479d-8f3d-10d726d208eb - 227936 - LOGS_CAPTURED - Started capturing logs in process (pid: 227936).
[32m2024-02-28 00:17:05 -0300[0m - dagster - [34mDEBUG[0m - __ASSET_JOB - 443febde-4c3b-479d-8f3d-10d726d208eb - 227936 - keras_dot_product_model - STEP_START - Started execution of step "keras_dot_product_model".
[32m2024-02-28 00:17:05 -0300[0m - dagster - [34mDEBUG[0m - __ASSET_JOB - 443febde-4c3b-479d-8f3d-10d726d208eb - keras_dot_product_model - Loading file from: /home/antonio/Desktop/Recommender_movie_system/movies_dagster/home/storage/X_train using PickledObjectFilesystemIOManager...
[32m2024-02-28 00:17:05 -0300[0m - dagster - [34mDEBUG[0m - __ASSET_JOB - 443febde-4c3b-479d-8f3d-10d726d208eb - 227936 - keras_dot_product_model - ASSET_OBSERVATION - ASSET_OBSERVATION for step keras_dot_product_model
[32m2024-02-28 00:17:05 -0300[0m - dagster - [34mDEBUG[0m - __ASSET_JOB - 443febde-4c3b-479d-8f3d-10d726d208eb - 227936 - keras_dot_product_model - LOADED_INPUT - Loaded input "X_train" using input manager "io_manager", from output "X_train" of step "split_data"
[32m2024-02-28 00:17:05 -0300[0m - dagster - [34mDEBUG[0m - __ASSET_JOB - 443febde-4c3b-479d-8f3d-10d726d208eb - keras_dot_product_model - Loading file from: /home/antonio/Desktop/Recommender_movie_system/movies_dagster/home/storage/movie2Idx using PickledObjectFilesystemIOManager...
[32m2024-02-28 00:17:05 -0300[0m - dagster - [34mDEBUG[0m - __ASSET_JOB - 443febde-4c3b-479d-8f3d-10d726d208eb - 227936 - keras_dot_product_model - ASSET_OBSERVATION - ASSET_OBSERVATION for step keras_dot_product_model
[32m2024-02-28 00:17:05 -0300[0m - dagster - [34mDEBUG[0m - __ASSET_JOB - 443febde-4c3b-479d-8f3d-10d726d208eb - 227936 - keras_dot_product_model - LOADED_INPUT - Loaded input "movie2Idx" using input manager "io_manager", from output "movie2Idx" of step "preprocessed_data"
[32m2024-02-28 00:17:05 -0300[0m - dagster - [34mDEBUG[0m - __ASSET_JOB - 443febde-4c3b-479d-8f3d-10d726d208eb - keras_dot_product_model - Loading file from: /home/antonio/Desktop/Recommender_movie_system/movies_dagster/home/storage/user2Idx using PickledObjectFilesystemIOManager...
[32m2024-02-28 00:17:05 -0300[0m - dagster - [34mDEBUG[0m - __ASSET_JOB - 443febde-4c3b-479d-8f3d-10d726d208eb - 227936 - keras_dot_product_model - ASSET_OBSERVATION - ASSET_OBSERVATION for step keras_dot_product_model
[32m2024-02-28 00:17:05 -0300[0m - dagster - [34mDEBUG[0m - __ASSET_JOB - 443febde-4c3b-479d-8f3d-10d726d208eb - 227936 - keras_dot_product_model - LOADED_INPUT - Loaded input "user2Idx" using input manager "io_manager", from output "user2Idx" of step "preprocessed_data"
[32m2024-02-28 00:17:05 -0300[0m - dagster - [34mDEBUG[0m - __ASSET_JOB - 443febde-4c3b-479d-8f3d-10d726d208eb - keras_dot_product_model - Loading file from: /home/antonio/Desktop/Recommender_movie_system/movies_dagster/home/storage/y_train using PickledObjectFilesystemIOManager...
[32m2024-02-28 00:17:05 -0300[0m - dagster - [34mDEBUG[0m - __ASSET_JOB - 443febde-4c3b-479d-8f3d-10d726d208eb - 227936 - keras_dot_product_model - ASSET_OBSERVATION - ASSET_OBSERVATION for step keras_dot_product_model
[32m2024-02-28 00:17:05 -0300[0m - dagster - [34mDEBUG[0m - __ASSET_JOB - 443febde-4c3b-479d-8f3d-10d726d208eb - 227936 - keras_dot_product_model - LOADED_INPUT - Loaded input "y_train" using input manager "io_manager", from output "y_train" of step "split_data"
[32m2024-02-28 00:17:05 -0300[0m - dagster - [34mDEBUG[0m - __ASSET_JOB - 443febde-4c3b-479d-8f3d-10d726d208eb - 227936 - keras_dot_product_model - STEP_INPUT - Got input "X_train" of type "Any". (Type check passed).
[32m2024-02-28 00:17:05 -0300[0m - dagster - [34mDEBUG[0m - __ASSET_JOB - 443febde-4c3b-479d-8f3d-10d726d208eb - 227936 - keras_dot_product_model - STEP_INPUT - Got input "movie2Idx" of type "Any". (Type check passed).
[32m2024-02-28 00:17:05 -0300[0m - dagster - [34mDEBUG[0m - __ASSET_JOB - 443febde-4c3b-479d-8f3d-10d726d208eb - 227936 - keras_dot_product_model - STEP_INPUT - Got input "user2Idx" of type "Any". (Type check passed).
[32m2024-02-28 00:17:05 -0300[0m - dagster - [34mDEBUG[0m - __ASSET_JOB - 443febde-4c3b-479d-8f3d-10d726d208eb - 227936 - keras_dot_product_model - STEP_INPUT - Got input "y_train" of type "Any". (Type check passed).
[32m2024-02-28 00:17:05 -0300[0m - dagster - [34mERROR[0m - [31m__ASSET_JOB - 443febde-4c3b-479d-8f3d-10d726d208eb - 227936 - keras_dot_product_model - STEP_FAILURE - Execution of step "keras_dot_product_model" failed.

dagster._core.errors.DagsterUnknownResourceError: Unknown resource `mlflow`. Specify `mlflow` as a required resource on the compute / config function that accessed it.

Stack Trace:
  File "/home/antonio/anaconda3/envs/dagster-mlops/lib/python3.9/site-packages/dagster/_core/execution/plan/execute_plan.py", line 275, in dagster_event_sequence_for_step
    for step_event in check.generator(step_events):
  File "/home/antonio/anaconda3/envs/dagster-mlops/lib/python3.9/site-packages/dagster/_core/execution/plan/execute_step.py", line 476, in core_dagster_event_sequence_for_step
    for user_event in _step_output_error_checked_user_event_sequence(
  File "/home/antonio/anaconda3/envs/dagster-mlops/lib/python3.9/site-packages/dagster/_core/execution/plan/execute_step.py", line 159, in _step_output_error_checked_user_event_sequence
    for user_event in user_event_sequence:
  File "/home/antonio/anaconda3/envs/dagster-mlops/lib/python3.9/site-packages/dagster/_core/execution/plan/execute_step.py", line 94, in _process_asset_results_to_events
    for user_event in user_event_sequence:
  File "/home/antonio/anaconda3/envs/dagster-mlops/lib/python3.9/site-packages/dagster/_core/execution/plan/compute.py", line 204, in execute_core_compute
    for step_output in _yield_compute_results(step_context, inputs, compute_fn):
  File "/home/antonio/anaconda3/envs/dagster-mlops/lib/python3.9/site-packages/dagster/_core/execution/plan/compute.py", line 173, in _yield_compute_results
    for event in iterate_with_context(
  File "/home/antonio/anaconda3/envs/dagster-mlops/lib/python3.9/site-packages/dagster/_utils/__init__.py", line 461, in iterate_with_context
    next_output = next(iterator)
  File "/home/antonio/anaconda3/envs/dagster-mlops/lib/python3.9/site-packages/dagster/_core/execution/plan/compute_generator.py", line 131, in _coerce_op_compute_fn_to_iterator
    result = invoke_compute_fn(
  File "/home/antonio/anaconda3/envs/dagster-mlops/lib/python3.9/site-packages/dagster/_core/execution/plan/compute_generator.py", line 125, in invoke_compute_fn
    return fn(context, **args_to_pass) if context_arg_provided else fn(**args_to_pass)
  File "/home/antonio/Desktop/Recommender_movie_system/movies_dagster/movies_dagster/assets/recommender/train_model.py", line 67, in keras_dot_product_model
    mlflow = context.resources.mlflow
  File "/home/antonio/anaconda3/envs/dagster-mlops/lib/python3.9/site-packages/dagster/_core/definitions/scoped_resources_builder.py", line 29, in __getattr__
    raise DagsterUnknownResourceError(name)
[0m
