[32m2024-03-01 16:48:19 -0300[0m - dagster - [34mDEBUG[0m - full_process - ad53bba1-f7da-4977-a206-8a6c0d9cd52d - 121618 - LOGS_CAPTURED - Started capturing logs in process (pid: 121618).
[32m2024-03-01 16:48:19 -0300[0m - dagster - [34mDEBUG[0m - full_process - ad53bba1-f7da-4977-a206-8a6c0d9cd52d - 121618 - evaluate_model - STEP_START - Started execution of step "evaluate_model".
[32m2024-03-01 16:48:19 -0300[0m - dagster - [34mDEBUG[0m - full_process - ad53bba1-f7da-4977-a206-8a6c0d9cd52d - evaluate_model - Loading file from: /home/antonio/Desktop/Recommender_movie_system/movies_dagster/home/storage/X_test using PickledObjectFilesystemIOManager...
[32m2024-03-01 16:48:19 -0300[0m - dagster - [34mDEBUG[0m - full_process - ad53bba1-f7da-4977-a206-8a6c0d9cd52d - 121618 - evaluate_model - ASSET_OBSERVATION - ASSET_OBSERVATION for step evaluate_model
[32m2024-03-01 16:48:19 -0300[0m - dagster - [34mDEBUG[0m - full_process - ad53bba1-f7da-4977-a206-8a6c0d9cd52d - 121618 - evaluate_model - LOADED_INPUT - Loaded input "X_test" using input manager "io_manager", from output "X_test" of step "split_data"
[32m2024-03-01 16:48:19 -0300[0m - dagster - [34mDEBUG[0m - full_process - ad53bba1-f7da-4977-a206-8a6c0d9cd52d - evaluate_model - Loading file from: /home/antonio/Desktop/Recommender_movie_system/movies_dagster/home/storage/model_data using PickledObjectFilesystemIOManager...
[32m2024-03-01 16:48:19 -0300[0m - dagster - [34mDEBUG[0m - full_process - ad53bba1-f7da-4977-a206-8a6c0d9cd52d - 121618 - evaluate_model - ASSET_OBSERVATION - ASSET_OBSERVATION for step evaluate_model
[32m2024-03-01 16:48:19 -0300[0m - dagster - [34mDEBUG[0m - full_process - ad53bba1-f7da-4977-a206-8a6c0d9cd52d - 121618 - evaluate_model - LOADED_INPUT - Loaded input "model_data" using input manager "io_manager", from output "result" of step "model_data"
[32m2024-03-01 16:48:19 -0300[0m - dagster - [34mDEBUG[0m - full_process - ad53bba1-f7da-4977-a206-8a6c0d9cd52d - evaluate_model - Loading file from: /home/antonio/Desktop/Recommender_movie_system/movies_dagster/home/storage/y_test using PickledObjectFilesystemIOManager...
[32m2024-03-01 16:48:19 -0300[0m - dagster - [34mDEBUG[0m - full_process - ad53bba1-f7da-4977-a206-8a6c0d9cd52d - 121618 - evaluate_model - ASSET_OBSERVATION - ASSET_OBSERVATION for step evaluate_model
[32m2024-03-01 16:48:19 -0300[0m - dagster - [34mDEBUG[0m - full_process - ad53bba1-f7da-4977-a206-8a6c0d9cd52d - 121618 - evaluate_model - LOADED_INPUT - Loaded input "y_test" using input manager "io_manager", from output "y_test" of step "split_data"
[32m2024-03-01 16:48:19 -0300[0m - dagster - [34mDEBUG[0m - full_process - ad53bba1-f7da-4977-a206-8a6c0d9cd52d - 121618 - evaluate_model - STEP_INPUT - Got input "X_test" of type "Any". (Type check passed).
[32m2024-03-01 16:48:19 -0300[0m - dagster - [34mDEBUG[0m - full_process - ad53bba1-f7da-4977-a206-8a6c0d9cd52d - 121618 - evaluate_model - STEP_INPUT - Got input "model_data" of type "Any". (Type check passed).
[32m2024-03-01 16:48:19 -0300[0m - dagster - [34mDEBUG[0m - full_process - ad53bba1-f7da-4977-a206-8a6c0d9cd52d - 121618 - evaluate_model - STEP_INPUT - Got input "y_test" of type "Any". (Type check passed).
2024-03-01 16:48:36.341429: E tensorflow/compiler/xla/stream_executor/cuda/cuda_driver.cc:268] failed call to cuInit: CUDA_ERROR_NO_DEVICE: no CUDA-capable device is detected
[32m2024-03-01 16:48:36 -0300[0m - dagster - [34mDEBUG[0m - full_process - ad53bba1-f7da-4977-a206-8a6c0d9cd52d - 121618 - evaluate_model - STEP_OUTPUT - Yielded output "result" of type "Any". (Type check passed).
[32m2024-03-01 16:48:36 -0300[0m - dagster - [34mDEBUG[0m - full_process - ad53bba1-f7da-4977-a206-8a6c0d9cd52d - evaluate_model - Writing file at: /home/antonio/Desktop/Recommender_movie_system/movies_dagster/home/storage/evaluate_model using PickledObjectFilesystemIOManager...
[32m2024-03-01 16:48:36 -0300[0m - dagster - [34mDEBUG[0m - full_process - ad53bba1-f7da-4977-a206-8a6c0d9cd52d - 121618 - evaluate_model - ASSET_MATERIALIZATION - Materialized value evaluate_model.
[32m2024-03-01 16:48:36 -0300[0m - dagster - [34mDEBUG[0m - full_process - ad53bba1-f7da-4977-a206-8a6c0d9cd52d - 121618 - evaluate_model - HANDLED_OUTPUT - Handled output "result" using IO manager "io_manager"
[32m2024-03-01 16:48:36 -0300[0m - dagster - [34mDEBUG[0m - full_process - ad53bba1-f7da-4977-a206-8a6c0d9cd52d - 121618 - evaluate_model - STEP_SUCCESS - Finished execution of step "evaluate_model" in 17.83s.
