[32m2024-03-01 16:47:04 -0300[0m - dagster - [34mDEBUG[0m - full_process - ad53bba1-f7da-4977-a206-8a6c0d9cd52d - 118430 - LOGS_CAPTURED - Started capturing logs in process (pid: 118430).
[32m2024-03-01 16:47:04 -0300[0m - dagster - [34mDEBUG[0m - full_process - ad53bba1-f7da-4977-a206-8a6c0d9cd52d - 118430 - split_data - STEP_START - Started execution of step "split_data".
[32m2024-03-01 16:47:04 -0300[0m - dagster - [34mDEBUG[0m - full_process - ad53bba1-f7da-4977-a206-8a6c0d9cd52d - split_data - Loading file from: /home/antonio/Desktop/Recommender_movie_system/movies_dagster/home/storage/preprocessed_training_data using PickledObjectFilesystemIOManager...
[32m2024-03-01 16:47:04 -0300[0m - dagster - [34mDEBUG[0m - full_process - ad53bba1-f7da-4977-a206-8a6c0d9cd52d - 118430 - split_data - ASSET_OBSERVATION - ASSET_OBSERVATION for step split_data
[32m2024-03-01 16:47:04 -0300[0m - dagster - [34mDEBUG[0m - full_process - ad53bba1-f7da-4977-a206-8a6c0d9cd52d - 118430 - split_data - LOADED_INPUT - Loaded input "preprocessed_training_data" using input manager "io_manager", from output "preprocessed_training_data" of step "preprocessed_data"
[32m2024-03-01 16:47:04 -0300[0m - dagster - [34mDEBUG[0m - full_process - ad53bba1-f7da-4977-a206-8a6c0d9cd52d - 118430 - split_data - STEP_INPUT - Got input "preprocessed_training_data" of type "Any". (Type check passed).
[32m2024-03-01 16:47:04 -0300[0m - dagster - [34mDEBUG[0m - full_process - ad53bba1-f7da-4977-a206-8a6c0d9cd52d - 118430 - split_data - STEP_OUTPUT - Yielded output "X_train" of type "Any". (Type check passed).
[32m2024-03-01 16:47:04 -0300[0m - dagster - [34mDEBUG[0m - full_process - ad53bba1-f7da-4977-a206-8a6c0d9cd52d - split_data - Writing file at: /home/antonio/Desktop/Recommender_movie_system/movies_dagster/home/storage/X_train using PickledObjectFilesystemIOManager...
[32m2024-03-01 16:47:04 -0300[0m - dagster - [34mDEBUG[0m - full_process - ad53bba1-f7da-4977-a206-8a6c0d9cd52d - 118430 - split_data - ASSET_MATERIALIZATION - Materialized value X_train.
[32m2024-03-01 16:47:04 -0300[0m - dagster - [34mDEBUG[0m - full_process - ad53bba1-f7da-4977-a206-8a6c0d9cd52d - 118430 - split_data - HANDLED_OUTPUT - Handled output "X_train" using IO manager "io_manager"
[32m2024-03-01 16:47:04 -0300[0m - dagster - [34mDEBUG[0m - full_process - ad53bba1-f7da-4977-a206-8a6c0d9cd52d - 118430 - split_data - STEP_OUTPUT - Yielded output "X_test" of type "Any". (Type check passed).
[32m2024-03-01 16:47:04 -0300[0m - dagster - [34mDEBUG[0m - full_process - ad53bba1-f7da-4977-a206-8a6c0d9cd52d - split_data - Writing file at: /home/antonio/Desktop/Recommender_movie_system/movies_dagster/home/storage/X_test using PickledObjectFilesystemIOManager...
[32m2024-03-01 16:47:04 -0300[0m - dagster - [34mDEBUG[0m - full_process - ad53bba1-f7da-4977-a206-8a6c0d9cd52d - 118430 - split_data - ASSET_MATERIALIZATION - Materialized value X_test.
[32m2024-03-01 16:47:04 -0300[0m - dagster - [34mDEBUG[0m - full_process - ad53bba1-f7da-4977-a206-8a6c0d9cd52d - 118430 - split_data - HANDLED_OUTPUT - Handled output "X_test" using IO manager "io_manager"
[32m2024-03-01 16:47:04 -0300[0m - dagster - [34mDEBUG[0m - full_process - ad53bba1-f7da-4977-a206-8a6c0d9cd52d - 118430 - split_data - STEP_OUTPUT - Yielded output "y_train" of type "Any". (Type check passed).
[32m2024-03-01 16:47:04 -0300[0m - dagster - [34mDEBUG[0m - full_process - ad53bba1-f7da-4977-a206-8a6c0d9cd52d - split_data - Writing file at: /home/antonio/Desktop/Recommender_movie_system/movies_dagster/home/storage/y_train using PickledObjectFilesystemIOManager...
[32m2024-03-01 16:47:04 -0300[0m - dagster - [34mDEBUG[0m - full_process - ad53bba1-f7da-4977-a206-8a6c0d9cd52d - 118430 - split_data - ASSET_MATERIALIZATION - Materialized value y_train.
[32m2024-03-01 16:47:04 -0300[0m - dagster - [34mDEBUG[0m - full_process - ad53bba1-f7da-4977-a206-8a6c0d9cd52d - 118430 - split_data - HANDLED_OUTPUT - Handled output "y_train" using IO manager "io_manager"
[32m2024-03-01 16:47:04 -0300[0m - dagster - [34mDEBUG[0m - full_process - ad53bba1-f7da-4977-a206-8a6c0d9cd52d - 118430 - split_data - STEP_OUTPUT - Yielded output "y_test" of type "Any". (Type check passed).
[32m2024-03-01 16:47:04 -0300[0m - dagster - [34mDEBUG[0m - full_process - ad53bba1-f7da-4977-a206-8a6c0d9cd52d - split_data - Writing file at: /home/antonio/Desktop/Recommender_movie_system/movies_dagster/home/storage/y_test using PickledObjectFilesystemIOManager...
[32m2024-03-01 16:47:04 -0300[0m - dagster - [34mDEBUG[0m - full_process - ad53bba1-f7da-4977-a206-8a6c0d9cd52d - 118430 - split_data - ASSET_MATERIALIZATION - Materialized value y_test.
[32m2024-03-01 16:47:04 -0300[0m - dagster - [34mDEBUG[0m - full_process - ad53bba1-f7da-4977-a206-8a6c0d9cd52d - 118430 - split_data - HANDLED_OUTPUT - Handled output "y_test" using IO manager "io_manager"
[32m2024-03-01 16:47:04 -0300[0m - dagster - [34mDEBUG[0m - full_process - ad53bba1-f7da-4977-a206-8a6c0d9cd52d - 118430 - split_data - STEP_SUCCESS - Finished execution of step "split_data" in 125ms.
