[32m2024-03-01 17:29:08 -0300[0m - dagster - [34mDEBUG[0m - full_process - d5732815-9935-4391-b275-09133c4f4d22 - 226560 - LOGS_CAPTURED - Started capturing logs in process (pid: 226560).
[32m2024-03-01 17:29:08 -0300[0m - dagster - [34mDEBUG[0m - full_process - d5732815-9935-4391-b275-09133c4f4d22 - 226560 - keras_dot_product_model - STEP_START - Started execution of step "keras_dot_product_model".
[32m2024-03-01 17:29:08 -0300[0m - dagster - [34mDEBUG[0m - full_process - d5732815-9935-4391-b275-09133c4f4d22 - keras_dot_product_model - Loading file from: /home/antonio/Desktop/Recommender_movie_system/movies_dagster/home/storage/X_train using PickledObjectFilesystemIOManager...
[32m2024-03-01 17:29:08 -0300[0m - dagster - [34mDEBUG[0m - full_process - d5732815-9935-4391-b275-09133c4f4d22 - 226560 - keras_dot_product_model - ASSET_OBSERVATION - ASSET_OBSERVATION for step keras_dot_product_model
[32m2024-03-01 17:29:08 -0300[0m - dagster - [34mDEBUG[0m - full_process - d5732815-9935-4391-b275-09133c4f4d22 - 226560 - keras_dot_product_model - LOADED_INPUT - Loaded input "X_train" using input manager "io_manager", from output "X_train" of step "split_data"
[32m2024-03-01 17:29:08 -0300[0m - dagster - [34mDEBUG[0m - full_process - d5732815-9935-4391-b275-09133c4f4d22 - keras_dot_product_model - Loading file from: /home/antonio/Desktop/Recommender_movie_system/movies_dagster/home/storage/movie2Idx using PickledObjectFilesystemIOManager...
[32m2024-03-01 17:29:08 -0300[0m - dagster - [34mDEBUG[0m - full_process - d5732815-9935-4391-b275-09133c4f4d22 - 226560 - keras_dot_product_model - ASSET_OBSERVATION - ASSET_OBSERVATION for step keras_dot_product_model
[32m2024-03-01 17:29:08 -0300[0m - dagster - [34mDEBUG[0m - full_process - d5732815-9935-4391-b275-09133c4f4d22 - 226560 - keras_dot_product_model - LOADED_INPUT - Loaded input "movie2Idx" using input manager "io_manager", from output "movie2Idx" of step "preprocessed_data"
[32m2024-03-01 17:29:08 -0300[0m - dagster - [34mDEBUG[0m - full_process - d5732815-9935-4391-b275-09133c4f4d22 - keras_dot_product_model - Loading file from: /home/antonio/Desktop/Recommender_movie_system/movies_dagster/home/storage/user2Idx using PickledObjectFilesystemIOManager...
[32m2024-03-01 17:29:08 -0300[0m - dagster - [34mDEBUG[0m - full_process - d5732815-9935-4391-b275-09133c4f4d22 - 226560 - keras_dot_product_model - ASSET_OBSERVATION - ASSET_OBSERVATION for step keras_dot_product_model
[32m2024-03-01 17:29:08 -0300[0m - dagster - [34mDEBUG[0m - full_process - d5732815-9935-4391-b275-09133c4f4d22 - 226560 - keras_dot_product_model - LOADED_INPUT - Loaded input "user2Idx" using input manager "io_manager", from output "user2Idx" of step "preprocessed_data"
[32m2024-03-01 17:29:08 -0300[0m - dagster - [34mDEBUG[0m - full_process - d5732815-9935-4391-b275-09133c4f4d22 - keras_dot_product_model - Loading file from: /home/antonio/Desktop/Recommender_movie_system/movies_dagster/home/storage/y_train using PickledObjectFilesystemIOManager...
[32m2024-03-01 17:29:08 -0300[0m - dagster - [34mDEBUG[0m - full_process - d5732815-9935-4391-b275-09133c4f4d22 - 226560 - keras_dot_product_model - ASSET_OBSERVATION - ASSET_OBSERVATION for step keras_dot_product_model
[32m2024-03-01 17:29:08 -0300[0m - dagster - [34mDEBUG[0m - full_process - d5732815-9935-4391-b275-09133c4f4d22 - 226560 - keras_dot_product_model - LOADED_INPUT - Loaded input "y_train" using input manager "io_manager", from output "y_train" of step "split_data"
[32m2024-03-01 17:29:08 -0300[0m - dagster - [34mDEBUG[0m - full_process - d5732815-9935-4391-b275-09133c4f4d22 - 226560 - keras_dot_product_model - STEP_INPUT - Got input "X_train" of type "Any". (Type check passed).
[32m2024-03-01 17:29:08 -0300[0m - dagster - [34mDEBUG[0m - full_process - d5732815-9935-4391-b275-09133c4f4d22 - 226560 - keras_dot_product_model - STEP_INPUT - Got input "movie2Idx" of type "Any". (Type check passed).
[32m2024-03-01 17:29:08 -0300[0m - dagster - [34mDEBUG[0m - full_process - d5732815-9935-4391-b275-09133c4f4d22 - 226560 - keras_dot_product_model - STEP_INPUT - Got input "user2Idx" of type "Any". (Type check passed).
[32m2024-03-01 17:29:08 -0300[0m - dagster - [34mDEBUG[0m - full_process - d5732815-9935-4391-b275-09133c4f4d22 - 226560 - keras_dot_product_model - STEP_INPUT - Got input "y_train" of type "Any". (Type check passed).
2024-03-01 17:29:25.738836: E tensorflow/compiler/xla/stream_executor/cuda/cuda_driver.cc:268] failed call to cuInit: CUDA_ERROR_NO_DEVICE: no CUDA-capable device is detected
[32m2024-03-01 17:29:25 -0300[0m - dagster - [34mINFO[0m - full_process - d5732815-9935-4391-b275-09133c4f4d22 - keras_dot_product_model - batch_size: 128 - epochs: 10
[32m2024-03-01 17:29:28 -0300[0m - dagster - [34mDEBUG[0m - full_process - d5732815-9935-4391-b275-09133c4f4d22 - 226560 - keras_dot_product_model - STEP_OUTPUT - Yielded output "result" of type "Any". (Type check passed).
[32m2024-03-01 17:29:28 -0300[0m - dagster - [34mDEBUG[0m - full_process - d5732815-9935-4391-b275-09133c4f4d22 - keras_dot_product_model - Writing file at: /home/antonio/Desktop/Recommender_movie_system/movies_dagster/home/storage/keras_dot_product_model using PickledObjectFilesystemIOManager...
[32m2024-03-01 17:29:28 -0300[0m - dagster - [34mDEBUG[0m - full_process - d5732815-9935-4391-b275-09133c4f4d22 - 226560 - keras_dot_product_model - ASSET_MATERIALIZATION - Materialized value keras_dot_product_model.
[32m2024-03-01 17:29:28 -0300[0m - dagster - [34mDEBUG[0m - full_process - d5732815-9935-4391-b275-09133c4f4d22 - 226560 - keras_dot_product_model - HANDLED_OUTPUT - Handled output "result" using IO manager "io_manager"
[32m2024-03-01 17:29:28 -0300[0m - dagster - [34mDEBUG[0m - full_process - d5732815-9935-4391-b275-09133c4f4d22 - 226560 - keras_dot_product_model - STEP_SUCCESS - Finished execution of step "keras_dot_product_model" in 19.96s.
